#1 [internal] load .dockerignore
#1 transferring context: 2B done
#1 DONE 0.0s

#2 [internal] load build definition from Dockerfile
#2 transferring dockerfile: 4.72kB done
#2 DONE 0.0s

#3 [internal] load metadata for docker.io/nvidia/cuda:11.1.1-cudnn8-devel-ubuntu20.04
#3 DONE 1.1s

#4 [ 1/82] FROM docker.io/nvidia/cuda:11.1.1-cudnn8-devel-ubuntu20.04@sha256:bb8379ce06f114591a64031c31d4f0a42a711b7fe73a805711a1821835b36c41
#4 resolve docker.io/nvidia/cuda:11.1.1-cudnn8-devel-ubuntu20.04@sha256:bb8379ce06f114591a64031c31d4f0a42a711b7fe73a805711a1821835b36c41 done
#4 DONE 0.0s

#5 [internal] load build context
#5 transferring context: 248.20kB 0.3s done
#5 DONE 0.3s

#6 [ 4/82] RUN apt-get update
#6 CACHED

#7 [47/82] RUN tar -xf vtk-v7.1.1.tar.gz
#7 CACHED

#8 [25/82] RUN apt-get install -y ros-noetic-openni-launch
#8 CACHED

#9 [61/82] RUN tar -xf boost_1_58_0.tar.gz
#9 CACHED

#10 [60/82] RUN ls
#10 CACHED

#11 [17/82] RUN mkdir -p /home/RVLuser/ur5_ws/src
#11 CACHED

#12 [35/82] RUN apt install -y libeigen3-dev
#12 CACHED

#13 [21/82] RUN rosdep update
#13 CACHED

#14 [51/82] RUN unzip 3.4.16.zip
#14 CACHED

#15 [76/82] RUN make -j8
#15 CACHED

#16 [27/82] RUN apt-get install -y ros-noetic-ros-numpy
#16 CACHED

#17 [20/82] RUN rosdep init
#17 CACHED

#18 [36/82] RUN apt-get install -y cmake-curses-gui
#18 CACHED

#19 [24/82] RUN apt-get install -y ros-noetic-realsense2-camera
#19 CACHED

#20 [31/82] RUN apt-get install -y ros-noetic-moveit
#20 CACHED

#21 [48/82] RUN apt install -y libgl1-mesa-dev libxt-dev
#21 CACHED

#22 [19/82] RUN ls /opt/ros/noetic
#22 CACHED

#23 [ 6/82] RUN pip3 install numpy
#23 CACHED

#24 [71/82] RUN sed -i 's/        return (plane_coeff_d_);/        return (\*plane_coeff_d_);/' /pcl-pcl-1.8.1/segmentation/include/pcl/segmentation/plane_coefficient_comparator.h
#24 CACHED

#25 [42/82] RUN apt-get update
#25 CACHED

#26 [18/82] COPY ur5_ws/src/ /home/RVLuser/ur5_ws/src/
#26 CACHED

#27 [74/82] WORKDIR /pcl-pcl-1.8.1/build
#27 CACHED

#28 [52/82] RUN git clone --depth 1 --branch '3.4.16' https://github.com/opencv/opencv_contrib.git
#28 CACHED

#29 [33/82] RUN pip install ur-rtde
#29 CACHED

#30 [34/82] RUN /bin/bash -c '. /opt/ros/noetic/setup.bash; catkin_make'
#30 CACHED

#31 [44/82] RUN apt-get install -y default-jdk openjdk-11-jdk
#31 CACHED

#32 [46/82] RUN wget https://gitlab.kitware.com/vtk/vtk/-/archive/v7.1.1/vtk-v7.1.1.tar.gz
#32 CACHED

#33 [68/82] RUN apt-get install -y libopenni2-dev
#33 CACHED

#34 [28/82] RUN apt-get install -y ros-noetic-rosbash
#34 CACHED

#35 [ 5/82] RUN apt-get -y install python3-pip
#35 CACHED

#36 [ 8/82] RUN apt-get install -y lsb-release
#36 CACHED

#37 [16/82] RUN apt install python3-rosdep
#37 CACHED

#38 [66/82] RUN ./b2 install
#38 CACHED

#39 [57/82] RUN cd flann && touch src/cpp/empty.cpp && sed -e '/add_library(flann_cpp SHARED/ s/""/empty.cpp/'     -e '/add_library(flann SHARED/ s/""/empty.cpp/'     -i src/cpp/CMakeLists.txt
#39 CACHED

#40 [38/82] RUN apt-get install -y libgl1-mesa-dev libgl1-mesa-glx xvfb
#40 CACHED

#41 [11/82] RUN curl -s https://raw.githubusercontent.com/ros/rosdistro/master/ros.asc | apt-key add -
#41 CACHED

#42 [41/82] RUN apt-get install -y libhdf5-serial-dev
#42 CACHED

#43 [37/82] RUN apt-get update
#43 CACHED

#44 [40/82] RUN apt-get install -y gdb libgtk2.0-dev pkg-config
#44 CACHED

#45 [ 2/82] RUN apt-get update
#45 CACHED

#46 [39/82] RUN apt-get update
#46 CACHED

#47 [67/82] RUN apt-get install -y libopenni-dev
#47 CACHED

#48 [30/82] RUN apt-get install -y ros-noetic-soem
#48 CACHED

#49 [26/82] RUN apt-get install -y ros-noetic-openni2-launch
#49 CACHED

#50 [ 9/82] RUN sh -c 'echo "deb http://packages.ros.org/ros/ubuntu $(lsb_release -sc) main" > /etc/apt/sources.list.d/ros-latest.list'
#50 CACHED

#51 [22/82] WORKDIR /home/RVLuser/ur5_ws
#51 CACHED

#52 [12/82] RUN apt update
#52 CACHED

#53 [49/82] RUN cd vtk-v7.1.1 && mkdir build && cd build && cmake -DBUILD_TESTING=OFF .. && make -j$(nproc) && make install
#53 CACHED

#54 [15/82] RUN  apt install -y python3-rosdep python3-rosinstall python3-rosinstall-generator python3-wstool build-essential
#54 CACHED

#55 [73/82] RUN cd pcl-pcl-1.8.1 && mkdir build
#55 CACHED

#56 [63/82] RUN apt-get install -y build-essential g++ python-dev autotools-dev libicu-dev libbz2-dev
#56 CACHED

#57 [ 3/82] RUN apt-get install -y wget build-essential git unzip cmake g++ python
#57 CACHED

#58 [62/82] WORKDIR /boost_1_58_0
#58 CACHED

#59 [59/82] RUN wget https://sourceforge.net/projects/boost/files/boost/1.58.0/boost_1_58_0.tar.gz
#59 CACHED

#60 [14/82] RUN echo "source /opt/ros/noetic/setup.bash" >> ~/.bashrc
#60 CACHED

#61 [54/82] WORKDIR /opencv-3.4.16
#61 CACHED

#62 [29/82] RUN apt-get install -y ros-noetic-ros-control
#62 CACHED

#63 [50/82] RUN wget https://github.com/opencv/opencv/archive/3.4.16.zip
#63 CACHED

#64 [55/82] RUN mkdir build && cd build && cmake -DOPENCV_EXTRA_MODULES_PATH=/opencv_contrib/modules -DWITH_EIGEN=ON -DWITH_VTK=ON -DBUILD_opencv_world=ON .. && make -j$(nproc) && make install
#64 CACHED

#65 [70/82] RUN tar -xf pcl-1.8.1.tar.gz
#65 CACHED

#66 [10/82] RUN apt install curl
#66 CACHED

#67 [58/82] RUN cd flann && mkdir build && cd build && cmake .. && make -j$(nproc) && make install
#67 CACHED

#68 [53/82] RUN ls /opencv_contrib
#68 CACHED

#69 [64/82] RUN ./bootstrap.sh --prefix=/boost_1_58_0
#69 CACHED

#70 [13/82] RUN apt install -y ros-noetic-desktop-full
#70 CACHED

#71 [72/82] RUN echo /boost_1_58_0
#71 CACHED

#72 [ 7/82] RUN apt-get update
#72 CACHED

#73 [23/82] RUN rosdep install --from-paths src --ignore-src -r --rosdistro noetic -y
#73 CACHED

#74 [56/82] RUN git clone --depth 1 --branch '1.8.4' https://github.com/flann-lib/flann.git
#74 CACHED

#75 [32/82] RUN apt-get install -y ros-noetic-trac-ik
#75 CACHED

#76 [45/82] RUN apt-get install -y libtiff-dev freeglut3-dev doxygen graphviz
#76 CACHED

#77 [43/82] RUN apt-get install -y libusb-1.0-0-dev libudev-dev
#77 CACHED

#78 [65/82] RUN ./b2
#78 CACHED

#79 [69/82] RUN wget https://github.com/PointCloudLibrary/pcl/archive/pcl-1.8.1.tar.gz
#79 CACHED

#80 [75/82] RUN cmake -DWITH_OPENNI2=ON -DWITH_OPENNI=ON ..
#80 CACHED

#81 [77/82] RUN make install
#81 CACHED

#82 [78/82] RUN echo "export LD_LIBRARY_PATH=/usr/local/nvidia/lib:/usr/local/nvidia/lib64:/usr/lib/x86_64-linux-gnu:/home/RVLuser/rvl-linux/build/lib:/boost_1_58_0/lib" >> /etc/bash.bashrc
#82 DONE 0.3s

#83 exporting to image
#83 exporting layers done
#83 writing image sha256:125f3228d8a680eb29af8e300dd02584d66bb15750e6705a574057ebd2d5bd91 done
#83 naming to docker.io/library/rvl:ur5 done
#83 DONE 0.0s
