[ 40%] Built target robotiq_2f_gripper_action_server_client_test
[ 40%] Built target std_msgs_generate_messages_py
[ 40%] Built target roscpp_generate_messages_eus
[ 40%] Built target roscpp_generate_messages_cpp
[ 40%] Built target std_msgs_generate_messages_nodejs
[ 40%] Built target roscpp_generate_messages_nodejs
[ 40%] Built target std_msgs_generate_messages_cpp
[ 40%] Built target rosgraph_msgs_generate_messages_nodejs
[ 40%] Built target rosgraph_msgs_generate_messages_lisp
[ 40%] Built target roscpp_generate_messages_lisp
[ 40%] Built target rosgraph_msgs_generate_messages_py
[ 40%] Built target std_msgs_generate_messages_eus
[ 40%] Built target roscpp_generate_messages_py
[ 40%] Built target rosgraph_msgs_generate_messages_eus
[ 40%] Built target std_msgs_generate_messages_lisp
[ 40%] Built target robotiq_2f_gripper_control_generate_messages_py
[ 40%] Built target robotiq_2f_gripper_control_generate_messages_cpp
[ 40%] Built target rosgraph_msgs_generate_messages_cpp
[ 40%] Built target robotiq_2f_gripper_control_generate_messages_nodejs
[ 40%] Built target robotiq_2f_gripper_control_generate_messages_eus
[ 40%] Built target robotiq_2f_gripper_control_generate_messages_lisp
[100%] Built target robotiq_2f_gripper_action_server_node
