[35m[1mScanning dependencies of target diagnostic_msgs_generate_messages_lisp[0m
[35m[1mScanning dependencies of target robotiq_3f_gripper_articulated_msgs_generate_messages_py[0m
[35m[1mScanning dependencies of target robotiq_3f_gripper_control_gencfg[0m
[  0%] Built target diagnostic_msgs_generate_messages_lisp
[  0%] Built target robotiq_3f_gripper_articulated_msgs_generate_messages_py
[  8%] [34m[1mGenerating dynamic reconfigure files from cfg/Robotiq3FGripper.cfg: /home/RVLuser/ferit_ur5_ws/devel/.private/robotiq_3f_gripper_control/include/robotiq_3f_gripper_control/Robotiq3FGripperConfig.h /home/RVLuser/ferit_ur5_ws/devel/.private/robotiq_3f_gripper_control/lib/python3/dist-packages/robotiq_3f_gripper_control/cfg/Robotiq3FGripperConfig.py[0m
[35m[1mScanning dependencies of target robotiq_3f_gripper_articulated_msgs_generate_messages_lisp[0m
[35m[1mScanning dependencies of target robotiq_3f_gripper_articulated_msgs_generate_messages_nodejs[0m
[  8%] Built target robotiq_3f_gripper_articulated_msgs_generate_messages_lisp
[  8%] Built target robotiq_3f_gripper_articulated_msgs_generate_messages_nodejs
[35m[1mScanning dependencies of target robotiq_3f_gripper_articulated_msgs_generate_messages_cpp[0m
[35m[1mScanning dependencies of target dynamic_reconfigure_generate_messages_nodejs[0m
[35m[1mScanning dependencies of target std_srvs_generate_messages_lisp[0m
[  8%] Built target robotiq_3f_gripper_articulated_msgs_generate_messages_cpp
[  8%] Built target dynamic_reconfigure_generate_messages_nodejs
[35m[1mScanning dependencies of target dynamic_reconfigure_generate_messages_lisp[0m
[  8%] Built target std_srvs_generate_messages_lisp
[35m[1mScanning dependencies of target dynamic_reconfigure_gencfg[0m
[  8%] Built target dynamic_reconfigure_gencfg
[35m[1mScanning dependencies of target dynamic_reconfigure_generate_messages_eus[0m
[  8%] Built target dynamic_reconfigure_generate_messages_lisp
Generating reconfiguration files for Robotiq3FGripper in robotiq_3f_gripper_control
Wrote header file in /home/RVLuser/ferit_ur5_ws/devel/.private/robotiq_3f_gripper_control/include/robotiq_3f_gripper_control/Robotiq3FGripperConfig.h
[35m[1mScanning dependencies of target dynamic_reconfigure_generate_messages_cpp[0m
[  8%] Built target dynamic_reconfigure_generate_messages_eus
[35m[1mScanning dependencies of target rosgraph_msgs_generate_messages_eus[0m
[  8%] Built target rosgraph_msgs_generate_messages_eus
[  8%] Built target dynamic_reconfigure_generate_messages_cpp
[35m[1mScanning dependencies of target roscpp_generate_messages_eus[0m
[35m[1mScanning dependencies of target std_msgs_generate_messages_eus[0m
[35m[1mScanning dependencies of target roscpp_generate_messages_nodejs[0m
[  8%] Built target roscpp_generate_messages_nodejs
[  8%] Built target roscpp_generate_messages_eus
[  8%] Built target std_msgs_generate_messages_eus
[35m[1mScanning dependencies of target roscpp_generate_messages_cpp[0m
[35m[1mScanning dependencies of target rosgraph_msgs_generate_messages_py[0m
[  8%] Built target robotiq_3f_gripper_control_gencfg
[35m[1mScanning dependencies of target rosgraph_msgs_generate_messages_lisp[0m
[  8%] Built target roscpp_generate_messages_cpp
[35m[1mScanning dependencies of target std_srvs_generate_messages_py[0m
[  8%] Built target rosgraph_msgs_generate_messages_py
[  8%] Built target rosgraph_msgs_generate_messages_lisp
[  8%] Built target std_srvs_generate_messages_py
[35m[1mScanning dependencies of target rosgraph_msgs_generate_messages_cpp[0m
[35m[1mScanning dependencies of target controller_manager_msgs_generate_messages_nodejs[0m
[  8%] Built target controller_manager_msgs_generate_messages_nodejs
[35m[1mScanning dependencies of target diagnostic_msgs_generate_messages_nodejs[0m
[35m[1mScanning dependencies of target std_srvs_generate_messages_nodejs[0m
[  8%] Built target rosgraph_msgs_generate_messages_cpp
[35m[1mScanning dependencies of target dynamic_reconfigure_generate_messages_py[0m
[  8%] Built target diagnostic_msgs_generate_messages_nodejs
[35m[1mScanning dependencies of target std_msgs_generate_messages_lisp[0m
[  8%] Built target std_srvs_generate_messages_nodejs
[  8%] Built target dynamic_reconfigure_generate_messages_py
[  8%] Built target std_msgs_generate_messages_lisp
[35m[1mScanning dependencies of target robotiq_3f_gripper_articulated_msgs_generate_messages_eus[0m
[35m[1mScanning dependencies of target controller_manager_msgs_generate_messages_cpp[0m
[35m[1mScanning dependencies of target rosgraph_msgs_generate_messages_nodejs[0m
[35m[1mScanning dependencies of target roscpp_generate_messages_py[0m
[  8%] Built target robotiq_3f_gripper_articulated_msgs_generate_messages_eus
[  8%] Built target controller_manager_msgs_generate_messages_cpp
[  8%] Built target rosgraph_msgs_generate_messages_nodejs
[35m[1mScanning dependencies of target controller_manager_msgs_generate_messages_lisp[0m
[  8%] Built target roscpp_generate_messages_py
[35m[1mScanning dependencies of target diagnostic_msgs_generate_messages_py[0m
[  8%] Built target controller_manager_msgs_generate_messages_lisp
[35m[1mScanning dependencies of target std_msgs_generate_messages_nodejs[0m
[35m[1mScanning dependencies of target std_msgs_generate_messages_py[0m
[  8%] Built target diagnostic_msgs_generate_messages_py
[  8%] Built target std_msgs_generate_messages_nodejs
[35m[1mScanning dependencies of target std_srvs_generate_messages_eus[0m
[  8%] Built target std_msgs_generate_messages_py
[35m[1mScanning dependencies of target diagnostic_msgs_generate_messages_eus[0m
[35m[1mScanning dependencies of target roscpp_generate_messages_lisp[0m
[  8%] Built target std_srvs_generate_messages_eus
[35m[1mScanning dependencies of target controller_manager_msgs_generate_messages_eus[0m
[  8%] Built target diagnostic_msgs_generate_messages_eus
[35m[1mScanning dependencies of target controller_manager_msgs_generate_messages_py[0m
[  8%] Built target roscpp_generate_messages_lisp
[35m[1mScanning dependencies of target std_srvs_generate_messages_cpp[0m
[  8%] Built target controller_manager_msgs_generate_messages_py
[35m[1mScanning dependencies of target std_msgs_generate_messages_cpp[0m
[  8%] Built target controller_manager_msgs_generate_messages_eus
[35m[1mScanning dependencies of target diagnostic_msgs_generate_messages_cpp[0m
[  8%] Built target std_srvs_generate_messages_cpp
[  8%] Built target std_msgs_generate_messages_cpp
[  8%] Built target diagnostic_msgs_generate_messages_cpp
[35m[1mScanning dependencies of target robotiq_3f_gripper_control[0m
[ 16%] [32mBuilding CXX object CMakeFiles/robotiq_3f_gripper_control.dir/src/robotiq_3f_gripper_control/robotiq_3f_gripper_api.cpp.o[0m
[ 25%] [32mBuilding CXX object CMakeFiles/robotiq_3f_gripper_control.dir/src/robotiq_3f_gripper_control/robotiq_3f_gripper_ros.cpp.o[0m
[ 33%] [32mBuilding CXX object CMakeFiles/robotiq_3f_gripper_control.dir/src/robotiq_3f_gripper_control/robotiq_3f_gripper_hw_interface.cpp.o[0m
[ 41%] [32mBuilding CXX object CMakeFiles/robotiq_3f_gripper_control.dir/src/robotiq_3f_gripper_control/robotiq_3f_gripper_diagnostics.cpp.o[0m
[01m[K/home/RVLuser/ferit_ur5_ws/src/ur5_configs/robotiq-noetic-devel/robotiq_3f_gripper_control/src/robotiq_3f_gripper_control/robotiq_3f_gripper_ros.cpp:[m[K In member function ‘[01m[Kbool robotiq_3f_gripper_control::Robotiq3FGripperROS::handleEmergRelease(std_srvs::TriggerRequest&, std_srvs::TriggerResponse&)[m[K’:
[01m[K/home/RVLuser/ferit_ur5_ws/src/ur5_configs/robotiq-noetic-devel/robotiq_3f_gripper_control/src/robotiq_3f_gripper_control/robotiq_3f_gripper_ros.cpp:135:1:[m[K [01;35m[Kwarning: [m[Kno return statement in function returning non-void [[01;35m[K-Wreturn-type[m[K]
  135 | [01;35m[K}[m[K
      | [01;35m[K^[m[K
[ 50%] [32m[1mLinking CXX shared library /home/RVLuser/ferit_ur5_ws/devel/.private/robotiq_3f_gripper_control/lib/librobotiq_3f_gripper_control.so[0m
[ 50%] Built target robotiq_3f_gripper_control
[35m[1mScanning dependencies of target robotiq_3f_gripper_can_node[0m
[ 58%] [32mBuilding CXX object CMakeFiles/robotiq_3f_gripper_can_node.dir/src/robotiq_3f_gripper_can_node.cpp.o[0m
[ 66%] [32mBuilding CXX object CMakeFiles/robotiq_3f_gripper_can_node.dir/src/robotiq_3f_gripper_control/robotiq_3f_gripper_can_client.cpp.o[0m
[01m[K/home/RVLuser/ferit_ur5_ws/src/ur5_configs/robotiq-noetic-devel/robotiq_3f_gripper_control/src/robotiq_3f_gripper_can_node.cpp:[m[K In function ‘[01m[Kint main(int, char**)[m[K’:
[01m[K/home/RVLuser/ferit_ur5_ws/src/ur5_configs/robotiq-noetic-devel/robotiq_3f_gripper_control/src/robotiq_3f_gripper_can_node.cpp:144:41:[m[K [01;35m[Kwarning: [m[K‘[01m[Kvirtual bool can::DriverInterface::init(const string&, bool)[m[K’ is deprecated: provide settings explicitly [[01;35m[K-Wdeprecated-declarations[m[K]
  144 |   while(!driver_->init(can_device, false[01;35m[K)[m[K)
      |                                         [01;35m[K^[m[K
In file included from [01m[K/opt/ros/noetic/include/socketcan_interface/asio_base.h:4[m[K,
                 from [01m[K/opt/ros/noetic/include/socketcan_interface/socketcan.h:4[m[K,
                 from [01m[K/home/RVLuser/ferit_ur5_ws/src/ur5_configs/robotiq-noetic-devel/robotiq_3f_gripper_control/include/robotiq_3f_gripper_control/robotiq_3f_gripper_can_client.h:29[m[K,
                 from [01m[K/home/RVLuser/ferit_ur5_ws/src/ur5_configs/robotiq-noetic-devel/robotiq_3f_gripper_control/src/robotiq_3f_gripper_can_node.cpp:26[m[K:
[01m[K/opt/ros/noetic/include/socketcan_interface/interface.h:180:65:[m[K [01;36m[Knote: [m[Kdeclared here
  180 |     [[deprecated("provide settings explicitly")]]  virtual bool [01;36m[Kinit[m[K(const std::string &device, bool loopback) = 0;
      |                                                                 [01;36m[K^~~~[m[K
[35m[1mScanning dependencies of target robotiq_3f_gripper_ethercat_node[0m
[ 75%] [32mBuilding CXX object CMakeFiles/robotiq_3f_gripper_ethercat_node.dir/src/robotiq_3f_gripper_control/robotiq_3f_gripper_ethercat_client.cpp.o[0m
[ 83%] [32mBuilding CXX object CMakeFiles/robotiq_3f_gripper_ethercat_node.dir/src/robotiq_3f_gripper_ethercat_node.cpp.o[0m
[ 91%] [32m[1mLinking CXX executable /home/RVLuser/ferit_ur5_ws/devel/.private/robotiq_3f_gripper_control/lib/robotiq_3f_gripper_control/robotiq_3f_gripper_can_node[0m
[ 91%] Built target robotiq_3f_gripper_can_node
[100%] [32m[1mLinking CXX executable /home/RVLuser/ferit_ur5_ws/devel/.private/robotiq_3f_gripper_control/lib/robotiq_3f_gripper_control/robotiq_3f_gripper_ethercat_node[0m
[100%] Built target robotiq_3f_gripper_ethercat_node
