[  0%] Built target dynamic_reconfigure_generate_messages_nodejs
[  0%] Built target robotiq_3f_gripper_articulated_msgs_generate_messages_py
[  8%] Built target robotiq_3f_gripper_control_gencfg
[  8%] Built target robotiq_3f_gripper_articulated_msgs_generate_messages_nodejs
[  8%] Built target diagnostic_msgs_generate_messages_lisp
[  8%] Built target robotiq_3f_gripper_articulated_msgs_generate_messages_lisp
[  8%] Built target std_srvs_generate_messages_lisp
[  8%] Built target robotiq_3f_gripper_articulated_msgs_generate_messages_cpp
[  8%] Built target dynamic_reconfigure_gencfg
[  8%] Built target dynamic_reconfigure_generate_messages_lisp
[  8%] Built target rosgraph_msgs_generate_messages_eus
[  8%] Built target dynamic_reconfigure_generate_messages_eus
[  8%] Built target dynamic_reconfigure_generate_messages_cpp
[  8%] Built target roscpp_generate_messages_nodejs
[  8%] Built target std_msgs_generate_messages_eus
[  8%] Built target roscpp_generate_messages_cpp
[  8%] Built target roscpp_generate_messages_eus
[  8%] Built target std_srvs_generate_messages_py
[  8%] Built target rosgraph_msgs_generate_messages_lisp
[  8%] Built target std_msgs_generate_messages_lisp
[  8%] Built target std_srvs_generate_messages_nodejs
[  8%] Built target rosgraph_msgs_generate_messages_py
[  8%] Built target controller_manager_msgs_generate_messages_nodejs
[  8%] Built target rosgraph_msgs_generate_messages_cpp
[  8%] Built target rosgraph_msgs_generate_messages_nodejs
[  8%] Built target diagnostic_msgs_generate_messages_nodejs
[  8%] Built target robotiq_3f_gripper_articulated_msgs_generate_messages_eus
[  8%] Built target controller_manager_msgs_generate_messages_cpp
[  8%] Built target roscpp_generate_messages_py
[  8%] Built target dynamic_reconfigure_generate_messages_py
[  8%] Built target controller_manager_msgs_generate_messages_lisp
[  8%] Built target std_msgs_generate_messages_nodejs
[  8%] Built target diagnostic_msgs_generate_messages_py
[  8%] Built target controller_manager_msgs_generate_messages_eus
[  8%] Built target std_msgs_generate_messages_py
[  8%] Built target controller_manager_msgs_generate_messages_py
[  8%] Built target roscpp_generate_messages_lisp
[  8%] Built target diagnostic_msgs_generate_messages_eus
[  8%] Built target std_srvs_generate_messages_cpp
[  8%] Built target diagnostic_msgs_generate_messages_cpp
[  8%] Built target std_srvs_generate_messages_eus
[  8%] Built target std_msgs_generate_messages_cpp
[ 50%] Built target robotiq_3f_gripper_control
[ 75%] Built target robotiq_3f_gripper_ethercat_node
[100%] Built target robotiq_3f_gripper_can_node
